INFO: [VRFC 10-2263] Analyzing Verilog file "F:/Codes_files/neuralNetwork-master/Tut-5/src/fpga/rtl/Layer_1.v" into library xil_defaultlib
INFO: [VRFC 10-311] analyzing module Layer_1
INFO: [VRFC 10-2263] Analyzing Verilog file "F:/Codes_files/neuralNetwork-master/Tut-5/src/fpga/rtl/Layer_2.v" into library xil_defaultlib
INFO: [VRFC 10-311] analyzing module Layer_2
INFO: [VRFC 10-2263] Analyzing Verilog file "F:/Codes_files/neuralNetwork-master/Tut-5/src/fpga/rtl/Layer_3.v" into library xil_defaultlib
INFO: [VRFC 10-311] analyzing module Layer_3
INFO: [VRFC 10-2263] Analyzing Verilog file "F:/Codes_files/neuralNetwork-master/Tut-5/src/fpga/rtl/Layer_4.v" into library xil_defaultlib
INFO: [VRFC 10-311] analyzing module Layer_4
INFO: [VRFC 10-2263] Analyzing Verilog file "F:/Codes_files/neuralNetwork-master/Tut-5/src/fpga/rtl/Sig_ROM.v" into library xil_defaultlib
INFO: [VRFC 10-311] analyzing module Sig_ROM
INFO: [VRFC 10-2263] Analyzing Verilog file "F:/Codes_files/neuralNetwork-master/Tut-5/src/fpga/rtl/Weight_Memory.v" into library xil_defaultlib
INFO: [VRFC 10-311] analyzing module Weight_Memory
INFO: [VRFC 10-2263] Analyzing Verilog file "F:/Codes_files/neuralNetwork-master/Tut-5/src/fpga/rtl/axi_lite_wrapper.v" into library xil_defaultlib
INFO: [VRFC 10-311] analyzing module axi_lite_wrapper
INFO: [VRFC 10-2263] Analyzing Verilog file "F:/Codes_files/neuralNetwork-master/Tut-5/src/fpga/rtl/maxFinder.v" into library xil_defaultlib
INFO: [VRFC 10-311] analyzing module maxFinder
INFO: [VRFC 10-2263] Analyzing Verilog file "F:/Codes_files/neuralNetwork-master/Tut-5/src/fpga/rtl/neuron.v" into library xil_defaultlib
INFO: [VRFC 10-311] analyzing module neuron
INFO: [VRFC 10-2263] Analyzing Verilog file "F:/Codes_files/neuralNetwork-master/Tut-5/src/fpga/rtl/relu.v" into library xil_defaultlib
INFO: [VRFC 10-311] analyzing module ReLU
INFO: [VRFC 10-2263] Analyzing Verilog file "F:/Codes_files/neuralNetwork-master/Tut-5/src/fpga/rtl/zynet.v" into library xil_defaultlib
INFO: [VRFC 10-311] analyzing module zyNet
INFO: [VRFC 10-2263] Analyzing Verilog file "F:/Codes_files/neuralNetwork-master/Tut-5/src/fpga/tb/top_sim.v" into library xil_defaultlib
INFO: [VRFC 10-311] analyzing module top_sim
INFO: [VRFC 10-2263] Analyzing Verilog file "C:/Users/Rajveer/CNN/cnn/cnn.sim/sim_1/behav/glbl.v" into library xil_defaultlib
INFO: [VRFC 10-311] analyzing module glbl
